[20:24:47] Created a temporary folder for file contents /var/folders/yb/y2ggkgl13vxc7j2h68ht0wym0000gn/T/smithy-lsp2332989739449121046
[20:24:47] Could not read Language Server version: java.lang.NullPointerException
[20:24:47] Recreating project from /Users/zireael/git/realworld-wasmcloud
[20:24:47] Imports from config: [/Users/zireael/git/realworld-wasmcloud] will be resolved against root /Users/zireael/git/realworld-wasmcloud
[20:24:47] Discovered smithy files: [/Users/zireael/git/realworld-wasmcloud/interfaces/users.smithy, /Users/zireael/git/realworld-wasmcloud/interfaces/comments.smithy, /Users/zireael/git/realworld-wasmcloud/interfaces/profiles.smithy, /Users/zireael/git/realworld-wasmcloud/interfaces/articles.smithy, /Users/zireael/git/realworld-wasmcloud/interfaces/tags.smithy, /Users/zireael/git/realworld-wasmcloud/interfaces/favorites.smithy]
[20:24:47] Downloading external dependencies for SmithyBuildExtensions(repositories = [], artifacts = [], imports = [])
[20:24:47] Downloaded external jars: []
[20:24:47] [ERROR] org.wasmcloud.examples.realworld#GetProfileInput: Parse error at line 21, column 31 near ` `: Mixins can only be used with Smithy version 2 or later. Attempted to use mixins with version `1.0`. | Model /Users/zireael/git/realworld-wasmcloud/interfaces/profiles.smithy:21:31
[20:24:47] [ERROR] org.wasmcloud.examples.realworld#GetFeedRequest: Parse error at line 15, column 30 near ` `: Mixins can only be used with Smithy version 2 or later. Attempted to use mixins with version `1.0`. | Model /Users/zireael/git/realworld-wasmcloud/interfaces/articles.smithy:15:30
[20:24:47] [ERROR] -: Parse error at line 18, column 9 near `[S`: Expected a valid identifier character, but found '[' | Model /Users/zireael/git/realworld-wasmcloud/interfaces/tags.smithy:18:9
[20:24:47] [ERROR] org.wasmcloud.examples.realworld#UpdateCurrentUserRequest: Parse error at line 40, column 40 near ` `: Mixins can only be used with Smithy version 2 or later. Attempted to use mixins with version `1.0`. | Model /Users/zireael/git/realworld-wasmcloud/interfaces/users.smithy:40:40
[20:24:47] [ERROR] org.wasmcloud.examples.realworld#CreateFavoriteRequest: Parse error at line 17, column 37 near ` `: Mixins can only be used with Smithy version 2 or later. Attempted to use mixins with version `1.0`. | Model /Users/zireael/git/realworld-wasmcloud/interfaces/favorites.smithy:17:37
[20:24:47] [ERROR] -: Parse error at line 21, column 15 near `[C`: Expected a valid identifier character, but found '[' | Model /Users/zireael/git/realworld-wasmcloud/interfaces/comments.smithy:21:15
[20:24:47] [ERROR] org.wasmcloud.examples.realworld#ProfileInput: Mixins can only be used in Smithy 2.0 or later. Attempted to apply a @mixin trait to `org.wasmcloud.examples.realworld#ProfileInput` in a model file using version `1.0`. | Model /Users/zireael/git/realworld-wasmcloud/interfaces/profiles.smithy:13:1
[20:24:47] [ERROR] org.wasmcloud.examples.realworld#UserResponse: Mixins can only be used in Smithy 2.0 or later. Attempted to apply a @mixin trait to `org.wasmcloud.examples.realworld#UserResponse` in a model file using version `1.0`. | Model /Users/zireael/git/realworld-wasmcloud/interfaces/users.smithy:17:1
[20:24:47] [ERROR] org.wasmcloud.examples.realworld#Articles: Unable to resolve trait `org.wasmcloud.model#wasmbus`. If this is a custom trait, then it must be defined before it can be used in a model. | Model /Users/zireael/git/realworld-wasmcloud/interfaces/articles.smithy:9:1
[20:24:47] [ERROR] org.wasmcloud.examples.realworld#Favorites: Unable to resolve trait `org.wasmcloud.model#wasmbus`. If this is a custom trait, then it must be defined before it can be used in a model. | Model /Users/zireael/git/realworld-wasmcloud/interfaces/favorites.smithy:11:1
[20:24:47] [ERROR] org.wasmcloud.examples.realworld#Comments: Unable to resolve trait `org.wasmcloud.model#wasmbus`. If this is a custom trait, then it must be defined before it can be used in a model. | Model /Users/zireael/git/realworld-wasmcloud/interfaces/comments.smithy:10:1
[20:24:47] [ERROR] org.wasmcloud.examples.realworld#Profiles: Unable to resolve trait `org.wasmcloud.model#wasmbus`. If this is a custom trait, then it must be defined before it can be used in a model. | Model /Users/zireael/git/realworld-wasmcloud/interfaces/profiles.smithy:7:1
[20:24:47] [ERROR] org.wasmcloud.examples.realworld#Users: Unable to resolve trait `org.wasmcloud.model#wasmbus`. If this is a custom trait, then it must be defined before it can be used in a model. | Model /Users/zireael/git/realworld-wasmcloud/interfaces/users.smithy:7:1
[20:24:47] [ERROR] org.wasmcloud.examples.realworld#Tags: Unable to resolve trait `org.wasmcloud.model#wasmbus`. If this is a custom trait, then it must be defined before it can be used in a model. | Model /Users/zireael/git/realworld-wasmcloud/interfaces/tags.smithy:11:1
[20:24:47] Recreating project from /Users/zireael/git/realworld-wasmcloud
[20:24:47] Imports from config: [/Users/zireael/git/realworld-wasmcloud] will be resolved against root /Users/zireael/git/realworld-wasmcloud
[20:24:48] Discovered smithy files: [/Users/zireael/git/realworld-wasmcloud/interfaces/users.smithy, /Users/zireael/git/realworld-wasmcloud/interfaces/comments.smithy, /Users/zireael/git/realworld-wasmcloud/interfaces/profiles.smithy, /Users/zireael/git/realworld-wasmcloud/interfaces/articles.smithy, /Users/zireael/git/realworld-wasmcloud/interfaces/tags.smithy, /Users/zireael/git/realworld-wasmcloud/interfaces/favorites.smithy]
[20:24:48] Downloading external dependencies for SmithyBuildExtensions(repositories = [], artifacts = [], imports = [])
[20:24:48] Downloaded external jars: []
[20:24:48] [ERROR] org.wasmcloud.examples.realworld#GetProfileInput: Parse error at line 21, column 31 near ` `: Mixins can only be used with Smithy version 2 or later. Attempted to use mixins with version `1.0`. | Model /Users/zireael/git/realworld-wasmcloud/interfaces/profiles.smithy:21:31
[20:24:48] [ERROR] org.wasmcloud.examples.realworld#GetFeedRequest: Parse error at line 15, column 30 near ` `: Mixins can only be used with Smithy version 2 or later. Attempted to use mixins with version `1.0`. | Model /Users/zireael/git/realworld-wasmcloud/interfaces/articles.smithy:15:30
[20:24:48] [ERROR] -: Parse error at line 18, column 9 near `[S`: Expected a valid identifier character, but found '[' | Model /Users/zireael/git/realworld-wasmcloud/interfaces/tags.smithy:18:9
[20:24:48] [ERROR] org.wasmcloud.examples.realworld#UpdateCurrentUserRequest: Parse error at line 40, column 40 near ` `: Mixins can only be used with Smithy version 2 or later. Attempted to use mixins with version `1.0`. | Model /Users/zireael/git/realworld-wasmcloud/interfaces/users.smithy:40:40
[20:24:48] [ERROR] org.wasmcloud.examples.realworld#CreateFavoriteRequest: Parse error at line 17, column 37 near ` `: Mixins can only be used with Smithy version 2 or later. Attempted to use mixins with version `1.0`. | Model /Users/zireael/git/realworld-wasmcloud/interfaces/favorites.smithy:17:37
[20:24:48] [ERROR] -: Parse error at line 21, column 15 near `[C`: Expected a valid identifier character, but found '[' | Model /Users/zireael/git/realworld-wasmcloud/interfaces/comments.smithy:21:15
[20:24:48] [ERROR] org.wasmcloud.examples.realworld#ProfileInput: Mixins can only be used in Smithy 2.0 or later. Attempted to apply a @mixin trait to `org.wasmcloud.examples.realworld#ProfileInput` in a model file using version `1.0`. | Model /Users/zireael/git/realworld-wasmcloud/interfaces/profiles.smithy:13:1
[20:24:48] [ERROR] org.wasmcloud.examples.realworld#UserResponse: Mixins can only be used in Smithy 2.0 or later. Attempted to apply a @mixin trait to `org.wasmcloud.examples.realworld#UserResponse` in a model file using version `1.0`. | Model /Users/zireael/git/realworld-wasmcloud/interfaces/users.smithy:17:1
[20:24:48] [ERROR] org.wasmcloud.examples.realworld#Articles: Unable to resolve trait `org.wasmcloud.model#wasmbus`. If this is a custom trait, then it must be defined before it can be used in a model. | Model /Users/zireael/git/realworld-wasmcloud/interfaces/articles.smithy:9:1
[20:24:48] [ERROR] org.wasmcloud.examples.realworld#Favorites: Unable to resolve trait `org.wasmcloud.model#wasmbus`. If this is a custom trait, then it must be defined before it can be used in a model. | Model /Users/zireael/git/realworld-wasmcloud/interfaces/favorites.smithy:11:1
[20:24:48] [ERROR] org.wasmcloud.examples.realworld#Comments: Unable to resolve trait `org.wasmcloud.model#wasmbus`. If this is a custom trait, then it must be defined before it can be used in a model. | Model /Users/zireael/git/realworld-wasmcloud/interfaces/comments.smithy:10:1
[20:24:48] [ERROR] org.wasmcloud.examples.realworld#Profiles: Unable to resolve trait `org.wasmcloud.model#wasmbus`. If this is a custom trait, then it must be defined before it can be used in a model. | Model /Users/zireael/git/realworld-wasmcloud/interfaces/profiles.smithy:7:1
[20:24:48] [ERROR] org.wasmcloud.examples.realworld#Users: Unable to resolve trait `org.wasmcloud.model#wasmbus`. If this is a custom trait, then it must be defined before it can be used in a model. | Model /Users/zireael/git/realworld-wasmcloud/interfaces/users.smithy:7:1
[20:24:48] [ERROR] org.wasmcloud.examples.realworld#Tags: Unable to resolve trait `org.wasmcloud.model#wasmbus`. If this is a custom trait, then it must be defined before it can be used in a model. | Model /Users/zireael/git/realworld-wasmcloud/interfaces/tags.smithy:11:1
[20:24:49] [ERROR] org.wasmcloud.examples.realworld#GetProfileInput: Parse error at line 21, column 31 near ` `: Mixins can only be used with Smithy version 2 or later. Attempted to use mixins with version `1.0`. | Model /Users/zireael/git/realworld-wasmcloud/interfaces/profiles.smithy:21:31
[20:24:49] [ERROR] org.wasmcloud.examples.realworld#GetFeedRequest: Parse error at line 15, column 30 near ` `: Mixins can only be used with Smithy version 2 or later. Attempted to use mixins with version `1.0`. | Model /Users/zireael/git/realworld-wasmcloud/interfaces/articles.smithy:15:30
[20:24:49] [ERROR] -: Parse error at line 18, column 9 near `[S`: Expected a valid identifier character, but found '[' | Model /Users/zireael/git/realworld-wasmcloud/interfaces/tags.smithy:18:9
[20:24:49] [ERROR] org.wasmcloud.examples.realworld#UpdateCurrentUserRequest: Parse error at line 40, column 40 near ` `: Mixins can only be used with Smithy version 2 or later. Attempted to use mixins with version `1.0`. | Model /Users/zireael/git/realworld-wasmcloud/interfaces/users.smithy:40:40
[20:24:49] [ERROR] org.wasmcloud.examples.realworld#CreateFavoriteRequest: Parse error at line 17, column 37 near ` `: Mixins can only be used with Smithy version 2 or later. Attempted to use mixins with version `1.0`. | Model /Users/zireael/git/realworld-wasmcloud/interfaces/favorites.smithy:17:37
[20:24:49] [ERROR] -: Parse error at line 21, column 15 near `[C`: Expected a valid identifier character, but found '[' | Model /Users/zireael/git/realworld-wasmcloud/interfaces/comments.smithy:21:15
[20:24:49] [ERROR] org.wasmcloud.examples.realworld#ProfileInput: Mixins can only be used in Smithy 2.0 or later. Attempted to apply a @mixin trait to `org.wasmcloud.examples.realworld#ProfileInput` in a model file using version `1.0`. | Model /Users/zireael/git/realworld-wasmcloud/interfaces/profiles.smithy:13:1
[20:24:49] [ERROR] org.wasmcloud.examples.realworld#UserResponse: Mixins can only be used in Smithy 2.0 or later. Attempted to apply a @mixin trait to `org.wasmcloud.examples.realworld#UserResponse` in a model file using version `1.0`. | Model /Users/zireael/git/realworld-wasmcloud/interfaces/users.smithy:17:1
[20:24:49] [ERROR] org.wasmcloud.examples.realworld#Articles: Unable to resolve trait `org.wasmcloud.model#wasmbus`. If this is a custom trait, then it must be defined before it can be used in a model. | Model /Users/zireael/git/realworld-wasmcloud/interfaces/articles.smithy:9:1
[20:24:49] [ERROR] org.wasmcloud.examples.realworld#Favorites: Unable to resolve trait `org.wasmcloud.model#wasmbus`. If this is a custom trait, then it must be defined before it can be used in a model. | Model /Users/zireael/git/realworld-wasmcloud/interfaces/favorites.smithy:11:1
[20:24:49] [ERROR] org.wasmcloud.examples.realworld#Comments: Unable to resolve trait `org.wasmcloud.model#wasmbus`. If this is a custom trait, then it must be defined before it can be used in a model. | Model /Users/zireael/git/realworld-wasmcloud/interfaces/comments.smithy:10:1
[20:24:49] [ERROR] org.wasmcloud.examples.realworld#Profiles: Unable to resolve trait `org.wasmcloud.model#wasmbus`. If this is a custom trait, then it must be defined before it can be used in a model. | Model /Users/zireael/git/realworld-wasmcloud/interfaces/profiles.smithy:7:1
[20:24:49] [ERROR] org.wasmcloud.examples.realworld#Users: Unable to resolve trait `org.wasmcloud.model#wasmbus`. If this is a custom trait, then it must be defined before it can be used in a model. | Model /Users/zireael/git/realworld-wasmcloud/interfaces/users.smithy:7:1
[20:24:49] [ERROR] org.wasmcloud.examples.realworld#Tags: Unable to resolve trait `org.wasmcloud.model#wasmbus`. If this is a custom trait, then it must be defined before it can be used in a model. | Model /Users/zireael/git/realworld-wasmcloud/interfaces/tags.smithy:11:1
[20:24:49] Recompiling /Users/zireael/git/realworld-wasmcloud/interfaces/users.smithy (with temporary content Optional.empty) raised 14  diagnostics
